<?xml version="1.0" encoding="UTF-8"?>
<!-- Generated by org.testng.reporters.JUnitXMLReporter -->
<testsuite hostname="DESKTOP-HTUNN5J" ignored="0" name="Test" tests="25" failures="2" timestamp="25 Mar 2021 09:06:50 GMT" time="136.365" errors="0">
  <testcase name="GoogleSearchResults" time="3.089" classname="tests.ValidateTextInGoogle"/>
  <testcase name="LoginTests" time="0.222" classname="tests.LoginTest"/>
  <testcase name="LoginTests" time="0.209" classname="tests.LoginTest">
    <failure type="junit.framework.ComparisonFailure" message="expected:&amp;lt;...&amp;gt; but was:&amp;lt;...inventory.html&amp;gt;">
      <![CDATA[junit.framework.ComparisonFailure: expected:<...> but was:<...inventory.html>
	at junit.framework.Assert.assertEquals(Assert.java:81)
	at junit.framework.Assert.assertEquals(Assert.java:87)
	at tests.LoginTest.LoginTests(LoginTest.java:35)
... Removed 25 stack frames]]>
    </failure>
  </testcase> <!-- LoginTests -->
  <testcase name="LoginTests" time="0.221" classname="tests.LoginTest"/>
  <testcase name="LoginTests" time="5.237" classname="tests.LoginTest"/>
  <testcase name="LoginTests" time="0.21" classname="tests.LoginTest">
    <failure type="junit.framework.ComparisonFailure" message="expected:&amp;lt;...&amp;gt; but was:&amp;lt;...inventory.html&amp;gt;">
      <![CDATA[junit.framework.ComparisonFailure: expected:<...> but was:<...inventory.html>
	at junit.framework.Assert.assertEquals(Assert.java:81)
	at junit.framework.Assert.assertEquals(Assert.java:87)
	at tests.LoginTest.LoginTests(LoginTest.java:35)
... Removed 25 stack frames]]>
    </failure>
  </testcase> <!-- LoginTests -->
  <testcase name="addItemInToDoList" time="3.325" classname="tests.WDUToDoListTest"/>
  <testcase name="validateResetButton" time="3.364" classname="tests.WDUContactUsTest"/>
  <testcase name="handleIframe" time="16.619" classname="tests.WDUIframeTest"/>
  <testcase name="verifyDragAndDrop" time="3.437" classname="tests.WDUActionsTest"/>
  <testcase name="validateDropdown" time="3.476" classname="tests.WDUDropdownsTest"/>
  <testcase name="uploadFile" time="3.213" classname="tests.WDUFileUploadTest"/>
  <testcase name="validateAutoCompleteTextfield" time="5.526" classname="tests.WDUAutocompleteTest"/>
  <testcase name="validateButtonOne" time="3.349" classname="tests.WDUButtonsTest"/>
  <testcase name="chooseDate" time="19.338" classname="tests.WDUDatePickerTest"/>
  <testcase name="deleteItemFromToDoList" time="10.666" classname="tests.WDUToDoListTest"/>
  <testcase name="validateContactUs" time="1.518" classname="tests.WDUContactUsTest"/>
  <testcase name="verifyDoubleClick" time="0.154" classname="tests.WDUActionsTest"/>
  <testcase name="validateCheckboxes" time="0.251" classname="tests.WDUDropdownsTest"/>
  <testcase name="validateButtonTwoUsingJavascriptExecutor" time="0.071" classname="tests.WDUButtonsTest"/>
  <testcase name="invalidContactUs" time="5.959" classname="tests.WDUContactUsTest"/>
  <testcase name="verifyHoverOver" time="0.57" classname="tests.WDUActionsTest"/>
  <testcase name="validateRadioButtons" time="0.336" classname="tests.WDUDropdownsTest"/>
  <testcase name="validateButtonThreeUsingMouseAndKeyboard" time="0.137" classname="tests.WDUButtonsTest"/>
  <testcase name="validateDisabledButton" time="0.024" classname="tests.WDUDropdownsTest"/>
</testsuite> <!-- Test -->
