<?xml version="1.0" encoding="UTF-8"?>
<!-- Generated by org.testng.reporters.JUnitXMLReporter -->
<testsuite hostname="DESKTOP-HTUNN5J" ignored="0" name="Test" tests="25" failures="2" timestamp="2021-03-25T11:37:06 CET" time="140.888" errors="0">
  <testcase name="addItemInToDoList" time="3.333" classname="tests.WDUToDoListTest"/>
  <testcase name="deleteItemFromToDoList" time="10.667" classname="tests.WDUToDoListTest"/>
  <testcase name="LoginTests" time="0.237" classname="tests.LoginTest"/>
  <testcase name="LoginTests" time="0.211" classname="tests.LoginTest">
    <failure type="junit.framework.ComparisonFailure" message="expected:&amp;lt;...&amp;gt; but was:&amp;lt;...inventory.html&amp;gt;">
      <![CDATA[junit.framework.ComparisonFailure: expected:<...> but was:<...inventory.html>
at junit.framework.Assert.assertEquals(Assert.java:81)
at junit.framework.Assert.assertEquals(Assert.java:87)
at tests.LoginTest.LoginTests(LoginTest.java:38)
at java.util.ArrayList.forEach(ArrayList.java:1259)
... Removed 31 stack frames]]>
    </failure>
  </testcase> <!-- LoginTests -->
  <testcase name="LoginTests" time="0.252" classname="tests.LoginTest"/>
  <testcase name="LoginTests" time="5.279" classname="tests.LoginTest"/>
  <testcase name="LoginTests" time="0.192" classname="tests.LoginTest">
    <failure type="junit.framework.ComparisonFailure" message="expected:&amp;lt;...&amp;gt; but was:&amp;lt;...inventory.html&amp;gt;">
      <![CDATA[junit.framework.ComparisonFailure: expected:<...> but was:<...inventory.html>
at junit.framework.Assert.assertEquals(Assert.java:81)
at junit.framework.Assert.assertEquals(Assert.java:87)
at tests.LoginTest.LoginTests(LoginTest.java:38)
at java.util.ArrayList.forEach(ArrayList.java:1259)
... Removed 31 stack frames]]>
    </failure>
  </testcase> <!-- LoginTests -->
  <testcase name="validateResetButton" time="3.354" classname="tests.WDUContactUsTest"/>
  <testcase name="validateContactUs" time="1.827" classname="tests.WDUContactUsTest"/>
  <testcase name="invalidContactUs" time="6.048" classname="tests.WDUContactUsTest"/>
  <testcase name="validateDropdown" time="3.457" classname="tests.WDUDropdownsTest"/>
  <testcase name="validateCheckboxes" time="0.249" classname="tests.WDUDropdownsTest"/>
  <testcase name="validateRadioButtons" time="0.31" classname="tests.WDUDropdownsTest"/>
  <testcase name="validateDisabledButton" time="0.018" classname="tests.WDUDropdownsTest"/>
  <testcase name="uploadFile" time="3.225" classname="tests.WDUFileUploadTest"/>
  <testcase name="validateAutoCompleteTextfield" time="5.524" classname="tests.WDUAutocompleteTest"/>
  <testcase name="GoogleSearchResults" time="3.171" classname="tests.ValidateTextInGoogle"/>
  <testcase name="handleIframe" time="16.602" classname="tests.WDUIframeTest"/>
  <testcase name="verifyDragAndDrop" time="3.41" classname="tests.WDUActionsTest"/>
  <testcase name="verifyDoubleClick" time="0.157" classname="tests.WDUActionsTest"/>
  <testcase name="verifyHoverOver" time="0.564" classname="tests.WDUActionsTest"/>
  <testcase name="validateButtonOne" time="3.363" classname="tests.WDUButtonsTest"/>
  <testcase name="validateButtonTwoUsingJavascriptExecutor" time="0.075" classname="tests.WDUButtonsTest"/>
  <testcase name="validateButtonThreeUsingMouseAndKeyboard" time="0.192" classname="tests.WDUButtonsTest"/>
  <testcase name="chooseDate" time="19.771" classname="tests.WDUDatePickerTest"/>
</testsuite> <!-- Test -->
